<?xml version="1.0" encoding="UTF-8"?>
<testsuite xmlns:xsi="http://www.w3.org/2001/XMLSchema-instance" xsi:schemaLocation="https://maven.apache.org/surefire/maven-surefire-plugin/xsd/surefire-test-report.xsd" name="com.glatzerkratzer.tourplanner.tests.MapQuestServiceTest" time="3.404" tests="8" errors="0" skipped="0" failures="0">
  <properties>
[...]
</properties>
  <testcase name="testGetDurationOfRouteWienBerlin" classname="com.glatzerkratzer.tourplanner.tests.MapQuestServiceTest" time="1.181"/>
  <testcase name="testGetTransportTypeHikeIsPedestrian" classname="com.glatzerkratzer.tourplanner.tests.MapQuestServiceTest" time="0"/>
  <testcase name="testGetTransportTypeBikeIsBicycle" classname="com.glatzerkratzer.tourplanner.tests.MapQuestServiceTest" time="0.001"/>
  <testcase name="testGetTransportTypeRunningIsPedestrian" classname="com.glatzerkratzer.tourplanner.tests.MapQuestServiceTest" time="0"/>
  <testcase name="testGetTransportTypeVacationIsFastest" classname="com.glatzerkratzer.tourplanner.tests.MapQuestServiceTest" time="0"/>
  <testcase name="testGetDistanceOfRouteWienBerlin" classname="com.glatzerkratzer.tourplanner.tests.MapQuestServiceTest" time="0.986"/>
  <testcase name="testGetMapQuestServiceNotNull" classname="com.glatzerkratzer.tourplanner.tests.MapQuestServiceTest" time="0"/>
  <testcase name="testGetRouteJsonIsNotNull" classname="com.glatzerkratzer.tourplanner.tests.MapQuestServiceTest" time="1.235"/>
</testsuite>